<?xml version="1.0" encoding="UTF-8"?>
<robot generator="Robot 6.1.1 (Python 3.11.4 on win32)" generated="20230830 13:42:02.329" rpa="false" schemaversion="4">
<suite id="s1" name="Valid Login" source="C:\Users\abdullah\Downloads\ricultx-robot-test-poc-main\tests\login\valid_login.robot">
<test id="s1-t1" name="TC_001: Logging in to the RicultX Site in English as Admin Should Show the Main Page" line="19">
<kw name="Given I Open the RicultX Website" library="common">
<arg>${WEBSITE_URL}</arg>
<arg>Chrome</arg>
<kw name="Open Browser" library="SeleniumLibrary">
<arg>${website_url}</arg>
<arg>${browser}</arg>
<doc>Opens a new browser instance to the optional ``url``.</doc>
<msg timestamp="20230830 13:42:02.532" level="INFO">Opening browser 'Chrome' to base url 'https://ricult-qa1.firebaseapp.com'.</msg>
<status status="PASS" starttime="20230830 13:42:02.531" endtime="20230830 13:42:06.926"/>
</kw>
<kw name="Maximize Browser Window" library="SeleniumLibrary">
<doc>Maximizes current browser window.</doc>
<status status="PASS" starttime="20230830 13:42:06.926" endtime="20230830 13:42:07.047"/>
</kw>
<kw name="Wait Until Page Contains Element" library="SeleniumLibrary">
<arg>${LANGUAGE_SELECT_DROPDOWN}</arg>
<doc>Waits until the element ``locator`` appears on the current page.</doc>
<status status="PASS" starttime="20230830 13:42:07.047" endtime="20230830 13:42:07.800"/>
</kw>
<status status="PASS" starttime="20230830 13:42:02.531" endtime="20230830 13:42:07.800"/>
</kw>
<kw name="When I Select the English Language" library="login">
<kw name="Click Element" library="SeleniumLibrary">
<arg>${LANGUAGE_SELECT_DROPDOWN}</arg>
<doc>Click the element identified by ``locator``.</doc>
<msg timestamp="20230830 13:42:07.801" level="INFO">Clicking element 'xpath://body/div[@id='root']/div[1]/div[1]/div[1]/div[2]/div[1]/div[3]/div[2]/div[1]/div[1]'.</msg>
<status status="PASS" starttime="20230830 13:42:07.801" endtime="20230830 13:42:07.872"/>
</kw>
<kw name="Click Element" library="SeleniumLibrary">
<arg>${LANGUAGE_SELECT_ENGLISH}</arg>
<doc>Click the element identified by ``locator``.</doc>
<msg timestamp="20230830 13:42:07.874" level="INFO">Clicking element 'xpath://div[contains(text(),'English')]'.</msg>
<status status="PASS" starttime="20230830 13:42:07.872" endtime="20230830 13:42:08.788"/>
</kw>
<kw name="Click Element" library="SeleniumLibrary">
<arg>${LANGUAGE_SELECT_NEXT}</arg>
<doc>Click the element identified by ``locator``.</doc>
<msg timestamp="20230830 13:42:08.789" level="INFO">Clicking element 'xpath://body/div[@id='root']/div[1]/div[1]/div[1]/div[2]/div[1]/div[3]/div[3]/div[1]'.</msg>
<status status="PASS" starttime="20230830 13:42:08.788" endtime="20230830 13:42:08.859"/>
</kw>
<status status="PASS" starttime="20230830 13:42:07.801" endtime="20230830 13:42:08.859"/>
</kw>
<kw name="And I Choose to Login by Email" library="login">
<kw name="Wait Until Page Contains Element" library="SeleniumLibrary">
<arg>${LOGIN_OPTIONS_MAIN}</arg>
<doc>Waits until the element ``locator`` appears on the current page.</doc>
<status status="PASS" starttime="20230830 13:42:08.860" endtime="20230830 13:42:08.873"/>
</kw>
<kw name="Click Element" library="SeleniumLibrary">
<arg>${LOGIN_SELECT_EMAIL_OPTION}</arg>
<doc>Click the element identified by ``locator``.</doc>
<msg timestamp="20230830 13:42:08.874" level="INFO">Clicking element 'xpath://body/div[@id='root']/div[1]/div[1]/div[1]/div[2]/div[1]/div[3]/div[2]'.</msg>
<status status="PASS" starttime="20230830 13:42:08.874" endtime="20230830 13:42:08.944"/>
</kw>
<status status="PASS" starttime="20230830 13:42:08.860" endtime="20230830 13:42:08.944"/>
</kw>
<kw name="And I Enter Valid Admin Email" library="login">
<kw name="Wait Until Element Contains" library="SeleniumLibrary">
<arg>${EMAIL_LOGIN_USERNAME_INPUT_LABEL}</arg>
<arg>Email</arg>
<doc>Waits until the element ``locator`` contains ``text``.</doc>
<status status="PASS" starttime="20230830 13:42:08.945" endtime="20230830 13:42:08.969"/>
</kw>
<kw name="Click Element" library="SeleniumLibrary">
<arg>${EMAIL_LOGIN_USERNAME_TEXT_FIELD}</arg>
<doc>Click the element identified by ``locator``.</doc>
<msg timestamp="20230830 13:42:08.970" level="INFO">Clicking element 'xpath:/html/body/div[1]/div/div/div[1]/div[2]/div[1]/div[3]/div[1]/div[2]'.</msg>
<status status="PASS" starttime="20230830 13:42:08.969" endtime="20230830 13:42:09.012"/>
</kw>
<kw name="Press Keys" library="SeleniumLibrary">
<arg>${EMAIL_LOGIN_USERNAME_INPUT}</arg>
<arg>${VALID_EMAIL_LOGIN_USERNAME}</arg>
<doc>Simulates the user pressing key(s) to an element or on the active browser.</doc>
<msg timestamp="20230830 13:42:09.013" level="INFO">Sending key(s) ('abdullah.amir@ricult.com',) to xpath://input[@id="username"] element.</msg>
<msg timestamp="20230830 13:42:09.324" level="INFO">Sending keys abdullah.amir@ricult.com</msg>
<status status="PASS" starttime="20230830 13:42:09.012" endtime="20230830 13:42:09.444"/>
</kw>
<kw name="Wait Until Element Is Enabled" library="SeleniumLibrary">
<arg>${EMAIL_LOGIN_USERNAME_CONTINUE}</arg>
<doc>Waits until the element ``locator`` is enabled.</doc>
<status status="PASS" starttime="20230830 13:42:09.444" endtime="20230830 13:42:09.472"/>
</kw>
<kw name="Click Element" library="SeleniumLibrary">
<arg>${EMAIL_LOGIN_USERNAME_CONTINUE}</arg>
<doc>Click the element identified by ``locator``.</doc>
<msg timestamp="20230830 13:42:09.472" level="INFO">Clicking element 'xpath:/html/body/div[1]/div/div/div[1]/div[2]/div[1]/div[3]/div[2]'.</msg>
<status status="PASS" starttime="20230830 13:42:09.472" endtime="20230830 13:42:09.517"/>
</kw>
<status status="PASS" starttime="20230830 13:42:08.944" endtime="20230830 13:42:09.517"/>
</kw>
<kw name="And I Enter Valid Admin Password" library="login">
<kw name="Wait Until Element Contains" library="SeleniumLibrary">
<arg>${EMAIL_LOGIN_PASSWORD_INPUT_LABEL}</arg>
<arg>Password</arg>
<doc>Waits until the element ``locator`` contains ``text``.</doc>
<status status="PASS" starttime="20230830 13:42:09.518" endtime="20230830 13:42:10.710"/>
</kw>
<kw name="Click Element" library="SeleniumLibrary">
<arg>${EMAIL_LOGIN_PASSWORD_TEXT_FIELD}</arg>
<doc>Click the element identified by ``locator``.</doc>
<msg timestamp="20230830 13:42:10.711" level="INFO">Clicking element 'xpath:/html/body/div[1]/div/div/div[1]/div[2]/div/div[3]/div[1]/div[2]'.</msg>
<status status="PASS" starttime="20230830 13:42:10.710" endtime="20230830 13:42:10.760"/>
</kw>
<kw name="Press Keys" library="SeleniumLibrary">
<arg>${EMAIL_LOGIN_PASSWORD_INPUT}</arg>
<arg>${VALID_EMAIL_LOGIN_PASSWORD}</arg>
<doc>Simulates the user pressing key(s) to an element or on the active browser.</doc>
<msg timestamp="20230830 13:42:10.761" level="INFO">Sending key(s) ('Hello@12345',) to xpath:/html/body/div[1]/div/div/div[1]/div[2]/div/div[3]/div[1]/div[2]/input element.</msg>
<msg timestamp="20230830 13:42:11.069" level="INFO">Sending keys Hello@12345</msg>
<status status="PASS" starttime="20230830 13:42:10.761" endtime="20230830 13:42:11.165"/>
</kw>
<kw name="Wait Until Element Is Enabled" library="SeleniumLibrary">
<arg>${EMAIL_LOGIN_PASSWORD_CONTINUE}</arg>
<doc>Waits until the element ``locator`` is enabled.</doc>
<status status="PASS" starttime="20230830 13:42:11.165" endtime="20230830 13:42:11.196"/>
</kw>
<kw name="Click Element" library="SeleniumLibrary">
<arg>${EMAIL_LOGIN_PASSWORD_CONTINUE}</arg>
<doc>Click the element identified by ``locator``.</doc>
<msg timestamp="20230830 13:42:11.196" level="INFO">Clicking element 'xpath:/html/body/div[1]/div/div/div[1]/div[2]/div/div[3]/div[2]'.</msg>
<status status="PASS" starttime="20230830 13:42:11.196" endtime="20230830 13:42:11.239"/>
</kw>
<status status="PASS" starttime="20230830 13:42:09.518" endtime="20230830 13:42:11.239"/>
</kw>
<kw name="Then I Should See the Name of the Admin User" library="login">
<kw name="Wait Until Keyword Succeeds" library="BuiltIn">
<arg>4 sec</arg>
<arg>2 sec</arg>
<arg>Correct Admin User Name and Role is Shown</arg>
<doc>Runs the specified keyword and retries if it fails.</doc>
<kw name="Correct Admin User Name and Role is Shown" library="login">
<kw name="Element Text Should Be" library="SeleniumLibrary">
<arg>${NAV_USER_FULL_NAME}</arg>
<arg>${ADMIN_FULL_NAME}</arg>
<doc>Verifies that element ``locator`` contains exact the text ``expected``.</doc>
<msg timestamp="20230830 13:42:11.240" level="INFO">Verifying element 'xpath:/html/body/div[1]/div/div/div[2]/div[1]/div/div[2]/div/div[1]/div[2]/div[1]' contains exact text 'Abdullah QA'.</msg>
<msg timestamp="20230830 13:42:11.771" level="INFO" html="true">&lt;/td&gt;&lt;/tr&gt;&lt;tr&gt;&lt;td colspan="3"&gt;&lt;a href="selenium-screenshot-4.png"&gt;&lt;img src="selenium-screenshot-4.png" width="800px"&gt;&lt;/a&gt;</msg>
<msg timestamp="20230830 13:42:11.771" level="FAIL">Element with locator 'xpath:/html/body/div[1]/div/div/div[2]/div[1]/div/div[2]/div/div[1]/div[2]/div[1]' not found.</msg>
<status status="FAIL" starttime="20230830 13:42:11.240" endtime="20230830 13:42:11.773"/>
</kw>
<kw name="Element Text Should Be" library="SeleniumLibrary">
<arg>${NAV_USER_ROLE}</arg>
<arg>${ADMIN_ROLE}</arg>
<doc>Verifies that element ``locator`` contains exact the text ``expected``.</doc>
<status status="NOT RUN" starttime="20230830 13:42:11.773" endtime="20230830 13:42:11.773"/>
</kw>
<status status="FAIL" starttime="20230830 13:42:11.240" endtime="20230830 13:42:11.773"/>
</kw>
<kw name="Correct Admin User Name and Role is Shown" library="login">
<kw name="Element Text Should Be" library="SeleniumLibrary">
<arg>${NAV_USER_FULL_NAME}</arg>
<arg>${ADMIN_FULL_NAME}</arg>
<doc>Verifies that element ``locator`` contains exact the text ``expected``.</doc>
<msg timestamp="20230830 13:42:13.775" level="INFO">Verifying element 'xpath:/html/body/div[1]/div/div/div[2]/div[1]/div/div[2]/div/div[1]/div[2]/div[1]' contains exact text 'Abdullah QA'.</msg>
<status status="PASS" starttime="20230830 13:42:13.774" endtime="20230830 13:42:13.800"/>
</kw>
<kw name="Element Text Should Be" library="SeleniumLibrary">
<arg>${NAV_USER_ROLE}</arg>
<arg>${ADMIN_ROLE}</arg>
<doc>Verifies that element ``locator`` contains exact the text ``expected``.</doc>
<msg timestamp="20230830 13:42:13.800" level="INFO">Verifying element 'xpath:/html/body/div[1]/div/div/div[2]/div[1]/div/div[2]/div/div[1]/div[2]/div[2]' contains exact text 'Main Admin'.</msg>
<status status="PASS" starttime="20230830 13:42:13.800" endtime="20230830 13:42:13.819"/>
</kw>
<status status="PASS" starttime="20230830 13:42:13.774" endtime="20230830 13:42:13.819"/>
</kw>
<status status="PASS" starttime="20230830 13:42:11.239" endtime="20230830 13:42:13.819"/>
</kw>
<status status="PASS" starttime="20230830 13:42:11.239" endtime="20230830 13:42:13.819"/>
</kw>
<status status="PASS" starttime="20230830 13:42:02.530" endtime="20230830 13:42:13.820"/>
</test>
<test id="s1-t2" name="TC_002: Negative_TC_Add_Farmer" line="29">
<kw name="Given I Open The Farmers Page From Portfolio Summary" library="farmers">
<kw name="Click Element" library="SeleniumLibrary">
<arg>${CLICK_FARMERS_SECTION}</arg>
<doc>Click the element identified by ``locator``.</doc>
<msg timestamp="20230830 13:42:13.822" level="INFO">Clicking element 'xpath://body/div[@id='root']/div[1]/div[1]/div[1]/div[1]/div[2]/div[1]'.</msg>
<status status="PASS" starttime="20230830 13:42:13.821" endtime="20230830 13:42:14.004"/>
</kw>
<status status="PASS" starttime="20230830 13:42:13.821" endtime="20230830 13:42:14.004"/>
</kw>
<kw name="When I Click on Add Farmer" library="farmers">
<kw name="Execute Javascript" library="SeleniumLibrary">
<arg>window.scrollTo(0,0)</arg>
<doc>Executes the given JavaScript code with possible arguments.</doc>
<msg timestamp="20230830 13:42:14.006" level="INFO">Executing JavaScript:
window.scrollTo(0,0)
Without any arguments.</msg>
<status status="PASS" starttime="20230830 13:42:14.005" endtime="20230830 13:42:14.017"/>
</kw>
<kw name="Wait Until Element Contains" library="SeleniumLibrary">
<arg>${Add_Farmer_Button_Lable}</arg>
<arg>Add Farmer</arg>
<doc>Waits until the element ``locator`` contains ``text``.</doc>
<status status="PASS" starttime="20230830 13:42:14.017" endtime="20230830 13:42:15.684"/>
</kw>
<kw name="Click Element" library="SeleniumLibrary">
<arg>${ADD_FARMER_BUTTON}</arg>
<doc>Click the element identified by ``locator``.</doc>
<msg timestamp="20230830 13:42:15.685" level="INFO">Clicking element 'xpath:/html/body/div[1]/div/div/div[1]/div/div[1]/div'.</msg>
<status status="PASS" starttime="20230830 13:42:15.684" endtime="20230830 13:42:15.763"/>
</kw>
<status status="PASS" starttime="20230830 13:42:14.004" endtime="20230830 13:42:15.763"/>
</kw>
<kw name="And I Enter The Invalid First Name" library="farmers">
<kw name="Wait Until Page Contains Element" library="SeleniumLibrary">
<arg>${First_Name_Farmer_Path}</arg>
<doc>Waits until the element ``locator`` appears on the current page.</doc>
<status status="PASS" starttime="20230830 13:42:15.764" endtime="20230830 13:42:16.468"/>
</kw>
<kw name="Press Keys" library="SeleniumLibrary">
<arg>${First_Name_Farmer_Path}</arg>
<arg>${Invalid_First_Name}</arg>
<doc>Simulates the user pressing key(s) to an element or on the active browser.</doc>
<msg timestamp="20230830 13:42:16.469" level="INFO">Sending key(s) ('Luxman@123',) to xpath://body/div[@id='root']/div[1]/div[1]/div[1]/div[1]/div[2]/div[1]/div[1]/div[1]/div[3]/div[1]/div[2]/div[2]/input[1] element.</msg>
<msg timestamp="20230830 13:42:16.747" level="INFO">Sending keys Luxman@123</msg>
<status status="PASS" starttime="20230830 13:42:16.469" endtime="20230830 13:42:16.811"/>
</kw>
<status status="PASS" starttime="20230830 13:42:15.764" endtime="20230830 13:42:16.811"/>
</kw>
<kw name="And I Enter The Invalid Last Name" library="farmers">
<kw name="Wait Until Page Contains Element" library="SeleniumLibrary">
<arg>${Last_Name_Farmer_Path}</arg>
<doc>Waits until the element ``locator`` appears on the current page.</doc>
<status status="PASS" starttime="20230830 13:42:16.811" endtime="20230830 13:42:16.822"/>
</kw>
<kw name="Press Keys" library="SeleniumLibrary">
<arg>${Last_Name_Farmer_Path}</arg>
<arg>${Invalid_Last_Name}</arg>
<doc>Simulates the user pressing key(s) to an element or on the active browser.</doc>
<msg timestamp="20230830 13:42:16.823" level="INFO">Sending key(s) ('123%Parshaat',) to xpath://body/div[@id='root']/div[1]/div[1]/div[1]/div[1]/div[2]/div[1]/div[1]/div[1]/div[4]/div[1]/div[2]/div[2]/input[1] element.</msg>
<msg timestamp="20230830 13:42:17.111" level="INFO">Sending keys 123%Parshaat</msg>
<status status="PASS" starttime="20230830 13:42:16.823" endtime="20230830 13:42:17.182"/>
</kw>
<status status="PASS" starttime="20230830 13:42:16.811" endtime="20230830 13:42:17.182"/>
</kw>
<kw name="Then I Should See The Error Message" library="farmers">
<kw name="Element Should Be Visible" library="SeleniumLibrary">
<arg>${Invalid_Error_Msg_Farmer}</arg>
<doc>Verifies that the element identified by ``locator`` is visible.</doc>
<msg timestamp="20230830 13:42:17.204" level="INFO">Element 'xpath://div[contains(text(),'Only alphabets are allowed for this field.')]' is displayed.</msg>
<status status="PASS" starttime="20230830 13:42:17.183" endtime="20230830 13:42:17.204"/>
</kw>
<kw name="Click Element" library="SeleniumLibrary">
<arg>${Cancel_Button_Farmer}</arg>
<doc>Click the element identified by ``locator``.</doc>
<msg timestamp="20230830 13:42:17.205" level="INFO">Clicking element 'xpath://div[contains(text(),'Cancel')]'.</msg>
<status status="PASS" starttime="20230830 13:42:17.204" endtime="20230830 13:42:17.305"/>
</kw>
<kw name="Click Element" library="SeleniumLibrary">
<arg>${Confirm_Button_Farmer}</arg>
<doc>Click the element identified by ``locator``.</doc>
<msg timestamp="20230830 13:42:17.306" level="INFO">Clicking element 'xpath://div[contains(text(),'Confirm')]'.</msg>
<status status="PASS" starttime="20230830 13:42:17.305" endtime="20230830 13:42:17.653"/>
</kw>
<status status="PASS" starttime="20230830 13:42:17.183" endtime="20230830 13:42:17.653"/>
</kw>
<status status="PASS" starttime="20230830 13:42:13.820" endtime="20230830 13:42:17.653"/>
</test>
<test id="s1-t3" name="TC_003: Add a Farmer from Porfolio Summary Page" line="39">
<kw name="Given I Click on Add Farmer" library="farmers">
<kw name="Execute Javascript" library="SeleniumLibrary">
<arg>window.scrollTo(0,0)</arg>
<doc>Executes the given JavaScript code with possible arguments.</doc>
<msg timestamp="20230830 13:42:17.657" level="INFO">Executing JavaScript:
window.scrollTo(0,0)
Without any arguments.</msg>
<status status="PASS" starttime="20230830 13:42:17.656" endtime="20230830 13:42:17.919"/>
</kw>
<kw name="Wait Until Element Contains" library="SeleniumLibrary">
<arg>${Add_Farmer_Button_Lable}</arg>
<arg>Add Farmer</arg>
<doc>Waits until the element ``locator`` contains ``text``.</doc>
<status status="PASS" starttime="20230830 13:42:17.919" endtime="20230830 13:42:18.938"/>
</kw>
<kw name="Click Element" library="SeleniumLibrary">
<arg>${ADD_FARMER_BUTTON}</arg>
<doc>Click the element identified by ``locator``.</doc>
<msg timestamp="20230830 13:42:18.938" level="INFO">Clicking element 'xpath:/html/body/div[1]/div/div/div[1]/div/div[1]/div'.</msg>
<status status="PASS" starttime="20230830 13:42:18.938" endtime="20230830 13:42:19.005"/>
</kw>
<status status="PASS" starttime="20230830 13:42:17.655" endtime="20230830 13:42:19.005"/>
</kw>
<kw name="When I Enter the First Name" library="farmers">
<kw name="Wait Until Page Contains Element" library="SeleniumLibrary">
<arg>${First_Name_Farmer_Path}</arg>
<doc>Waits until the element ``locator`` appears on the current page.</doc>
<status status="PASS" starttime="20230830 13:42:19.006" endtime="20230830 13:42:19.667"/>
</kw>
<kw name="Press Keys" library="SeleniumLibrary">
<arg>${First_Name_Farmer_Path}</arg>
<arg>${First_Name_Farmer}</arg>
<doc>Simulates the user pressing key(s) to an element or on the active browser.</doc>
<msg timestamp="20230830 13:42:19.668" level="INFO">Sending key(s) ('Abdullah',) to xpath://body/div[@id='root']/div[1]/div[1]/div[1]/div[1]/div[2]/div[1]/div[1]/div[1]/div[3]/div[1]/div[2]/div[2]/input[1] element.</msg>
<msg timestamp="20230830 13:42:19.972" level="INFO">Sending keys Abdullah</msg>
<status status="PASS" starttime="20230830 13:42:19.667" endtime="20230830 13:42:20.036"/>
</kw>
<status status="PASS" starttime="20230830 13:42:19.006" endtime="20230830 13:42:20.036"/>
</kw>
<kw name="And I Enter the Last Name" library="farmers">
<kw name="Wait Until Page Contains Element" library="SeleniumLibrary">
<arg>${Last_Name_Farmer_Path}</arg>
<doc>Waits until the element ``locator`` appears on the current page.</doc>
<status status="PASS" starttime="20230830 13:42:20.036" endtime="20230830 13:42:20.044"/>
</kw>
<kw name="Press Keys" library="SeleniumLibrary">
<arg>${Last_Name_Farmer_Path}</arg>
<arg>${Last_Name_Farmer}</arg>
<doc>Simulates the user pressing key(s) to an element or on the active browser.</doc>
<msg timestamp="20230830 13:42:20.045" level="INFO">Sending key(s) ('Tester',) to xpath://body/div[@id='root']/div[1]/div[1]/div[1]/div[1]/div[2]/div[1]/div[1]/div[1]/div[4]/div[1]/div[2]/div[2]/input[1] element.</msg>
<msg timestamp="20230830 13:42:20.346" level="INFO">Sending keys Tester</msg>
<status status="PASS" starttime="20230830 13:42:20.044" endtime="20230830 13:42:20.379"/>
</kw>
<status status="PASS" starttime="20230830 13:42:20.036" endtime="20230830 13:42:20.379"/>
</kw>
<kw name="And I Enter the National ID" library="farmers">
<kw name="Wait Until Page Contains Element" library="SeleniumLibrary">
<arg>${National_ID_Path}</arg>
<doc>Waits until the element ``locator`` appears on the current page.</doc>
<status status="PASS" starttime="20230830 13:42:20.380" endtime="20230830 13:42:20.391"/>
</kw>
<kw name="Press Keys" library="SeleniumLibrary">
<arg>${National_ID_Path}</arg>
<arg>${National_ID}</arg>
<doc>Simulates the user pressing key(s) to an element or on the active browser.</doc>
<msg timestamp="20230830 13:42:20.392" level="INFO">Sending key(s) ('',) to xpath://body/div[@id='root']/div[1]/div[1]/div[1]/div[1]/div[2]/div[1]/div[1]/div[1]/div[5]/div[1]/div[2]/div[2]/input[1] element.</msg>
<status status="PASS" starttime="20230830 13:42:20.391" endtime="20230830 13:42:20.690"/>
</kw>
<status status="PASS" starttime="20230830 13:42:20.380" endtime="20230830 13:42:20.691"/>
</kw>
<kw name="And I Enter the Phone Number" library="farmers">
<kw name="Wait Until Page Contains Element" library="SeleniumLibrary">
<arg>${Phone_Number_Path}</arg>
<doc>Waits until the element ``locator`` appears on the current page.</doc>
<status status="PASS" starttime="20230830 13:42:20.691" endtime="20230830 13:42:20.703"/>
</kw>
<kw name="Press Keys" library="SeleniumLibrary">
<arg>${Phone_Number_Path}</arg>
<arg>${Phone_Number}</arg>
<doc>Simulates the user pressing key(s) to an element or on the active browser.</doc>
<msg timestamp="20230830 13:42:20.703" level="INFO">Sending key(s) ('',) to xpath://body/div[@id='root']/div[1]/div[1]/div[1]/div[1]/div[2]/div[1]/div[1]/div[1]/div[6]/div[1]/div[2]/div[2]/input[1] element.</msg>
<status status="PASS" starttime="20230830 13:42:20.703" endtime="20230830 13:42:21.016"/>
</kw>
<status status="PASS" starttime="20230830 13:42:20.691" endtime="20230830 13:42:21.016"/>
</kw>
<kw name="And I Select The Province" library="farmers">
<kw name="Click Element" library="SeleniumLibrary">
<arg>${Province_Dropdown}</arg>
<doc>Click the element identified by ``locator``.</doc>
<msg timestamp="20230830 13:42:21.017" level="INFO">Clicking element 'xpath://body/div[@id='root']/div[1]/div[1]/div[1]/div[1]/div[2]/div[1]/div[1]/div[1]/div[9]/div[1]/div[1]/div[2]/div[2]'.</msg>
<status status="PASS" starttime="20230830 13:42:21.017" endtime="20230830 13:42:21.075"/>
</kw>
<kw name="Wait Until Element Contains" library="SeleniumLibrary">
<arg>${Select_Province}</arg>
<arg>Punjab</arg>
<doc>Waits until the element ``locator`` contains ``text``.</doc>
<status status="PASS" starttime="20230830 13:42:21.075" endtime="20230830 13:42:21.098"/>
</kw>
<kw name="Click Element" library="SeleniumLibrary">
<arg>${Select_Province}</arg>
<doc>Click the element identified by ``locator``.</doc>
<msg timestamp="20230830 13:42:21.098" level="INFO">Clicking element 'xpath://div[contains(text(),'Punjab')]'.</msg>
<status status="PASS" starttime="20230830 13:42:21.098" endtime="20230830 13:42:21.147"/>
</kw>
<status status="PASS" starttime="20230830 13:42:21.017" endtime="20230830 13:42:21.147"/>
</kw>
<kw name="And I Select The District" library="farmers">
<kw name="Click Element" library="SeleniumLibrary">
<arg>${District_Dropdown}</arg>
<doc>Click the element identified by ``locator``.</doc>
<msg timestamp="20230830 13:42:21.149" level="INFO">Clicking element 'xpath://body/div[@id='root']/div[1]/div[1]/div[1]/div[1]/div[2]/div[1]/div[1]/div[1]/div[10]/div[1]/div[1]/div[2]/div[2]'.</msg>
<status status="PASS" starttime="20230830 13:42:21.149" endtime="20230830 13:42:21.208"/>
</kw>
<kw name="Wait Until Element Contains" library="SeleniumLibrary">
<arg>${Select_District}</arg>
<arg>Lahore</arg>
<doc>Waits until the element ``locator`` contains ``text``.</doc>
<status status="PASS" starttime="20230830 13:42:21.208" endtime="20230830 13:42:21.461"/>
</kw>
<kw name="Click Element" library="SeleniumLibrary">
<arg>${Select_District}</arg>
<doc>Click the element identified by ``locator``.</doc>
<msg timestamp="20230830 13:42:21.462" level="INFO">Clicking element 'xpath://div[contains(text(),'Lahore')]'.</msg>
<status status="PASS" starttime="20230830 13:42:21.461" endtime="20230830 13:42:21.532"/>
</kw>
<status status="PASS" starttime="20230830 13:42:21.148" endtime="20230830 13:42:21.532"/>
</kw>
<kw name="And I Select The Town" library="farmers">
<kw name="Click Element" library="SeleniumLibrary">
<arg>${Town_Dropdown}</arg>
<doc>Click the element identified by ``locator``.</doc>
<msg timestamp="20230830 13:42:21.533" level="INFO">Clicking element 'xpath://body/div[@id='root']/div[1]/div[1]/div[1]/div[1]/div[2]/div[1]/div[1]/div[1]/div[11]/div[1]/div[1]/div[2]/div[2]'.</msg>
<status status="PASS" starttime="20230830 13:42:21.533" endtime="20230830 13:42:21.593"/>
</kw>
<kw name="Wait Until Element Contains" library="SeleniumLibrary">
<arg>${Select_Town}</arg>
<arg>Model town</arg>
<doc>Waits until the element ``locator`` contains ``text``.</doc>
<status status="PASS" starttime="20230830 13:42:21.594" endtime="20230830 13:42:21.621"/>
</kw>
<kw name="Click Element" library="SeleniumLibrary">
<arg>${Select_Town}</arg>
<doc>Click the element identified by ``locator``.</doc>
<msg timestamp="20230830 13:42:21.622" level="INFO">Clicking element 'xpath://div[contains(text(),'Model town')]'.</msg>
<status status="PASS" starttime="20230830 13:42:21.622" endtime="20230830 13:42:21.674"/>
</kw>
<status status="PASS" starttime="20230830 13:42:21.532" endtime="20230830 13:42:21.674"/>
</kw>
<kw name="And I Enter the Village Name" library="farmers">
<kw name="Press Keys" library="SeleniumLibrary">
<arg>${Village_Path}</arg>
<arg>${Village}</arg>
<doc>Simulates the user pressing key(s) to an element or on the active browser.</doc>
<msg timestamp="20230830 13:42:21.675" level="INFO">Sending key(s) ('',) to xpath://body/div[@id='root']/div[1]/div[1]/div[1]/div[1]/div[2]/div[1]/div[1]/div[1]/div[12]/div[1]/div[2]/div[2]/input[1] element.</msg>
<status status="PASS" starttime="20230830 13:42:21.674" endtime="20230830 13:42:21.989"/>
</kw>
<status status="PASS" starttime="20230830 13:42:21.674" endtime="20230830 13:42:21.990"/>
</kw>
<kw name="And I Enter the Circle Zone" library="farmers">
<kw name="Press Keys" library="SeleniumLibrary">
<arg>${Circle_Zone_Path}</arg>
<arg>${Circle_Zone}</arg>
<doc>Simulates the user pressing key(s) to an element or on the active browser.</doc>
<msg timestamp="20230830 13:42:21.992" level="INFO">Sending key(s) ('',) to xpath://body/div[@id='root']/div[1]/div[1]/div[1]/div[1]/div[2]/div[1]/div[1]/div[1]/div[13]/div[1]/div[2]/div[2]/input[1] element.</msg>
<status status="PASS" starttime="20230830 13:42:21.991" endtime="20230830 13:42:22.303"/>
</kw>
<status status="PASS" starttime="20230830 13:42:21.990" endtime="20230830 13:42:22.303"/>
</kw>
<kw name="And I Enter the Internal ID" library="farmers">
<kw name="Wait Until Page Contains Element" library="SeleniumLibrary">
<arg>${Internal_ID_Path}</arg>
<doc>Waits until the element ``locator`` appears on the current page.</doc>
<status status="PASS" starttime="20230830 13:42:22.303" endtime="20230830 13:42:22.315"/>
</kw>
<kw name="Press Keys" library="SeleniumLibrary">
<arg>${Internal_ID_Path}</arg>
<arg>${Internal_ID}</arg>
<doc>Simulates the user pressing key(s) to an element or on the active browser.</doc>
<msg timestamp="20230830 13:42:22.316" level="INFO">Sending key(s) ('qwe123rty',) to xpath://body/div[@id='root']/div[1]/div[1]/div[1]/div[1]/div[2]/div[1]/div[1]/div[1]/div[16]/div[1]/div[2]/div[2]/input[1] element.</msg>
<msg timestamp="20230830 13:42:22.602" level="INFO">Sending keys qwe123rty</msg>
<status status="PASS" starttime="20230830 13:42:22.315" endtime="20230830 13:42:22.705"/>
</kw>
<status status="PASS" starttime="20230830 13:42:22.303" endtime="20230830 13:42:22.705"/>
</kw>
<kw name="And I Click On The Submit Button" library="farmers">
<kw name="Click Element" library="SeleniumLibrary">
<arg>${Submit_Button}</arg>
<doc>Click the element identified by ``locator``.</doc>
<msg timestamp="20230830 13:42:22.706" level="INFO">Clicking element 'xpath://div[contains(text(),'Submit')]'.</msg>
<status status="PASS" starttime="20230830 13:42:22.705" endtime="20230830 13:42:22.875"/>
</kw>
<kw name="Wait Until Page Contains Element" library="SeleniumLibrary">
<arg>${Edit_Icon_Farmer}</arg>
<doc>Waits until the element ``locator`` appears on the current page.</doc>
<status status="PASS" starttime="20230830 13:42:22.875" endtime="20230830 13:42:24.666"/>
</kw>
<status status="PASS" starttime="20230830 13:42:22.705" endtime="20230830 13:42:24.666"/>
</kw>
<status status="PASS" starttime="20230830 13:42:17.655" endtime="20230830 13:42:24.667"/>
</test>
<test id="s1-t4" name="TC_004: Edit or Update the Added Farmer" line="56">
<kw name="Given I Open The Edit Screen" library="farmers">
<kw name="Click Element" library="SeleniumLibrary">
<arg>${Edit_Icon_Farmer}</arg>
<doc>Click the element identified by ``locator``.</doc>
<msg timestamp="20230830 13:42:24.671" level="INFO">Clicking element 'xpath:/html/body/div[1]/div/div/div[1]/div/div[2]/div/div[1]/div[2]/div[2]/div[2]'.</msg>
<status status="PASS" starttime="20230830 13:42:24.670" endtime="20230830 13:42:25.376"/>
</kw>
<status status="PASS" starttime="20230830 13:42:24.669" endtime="20230830 13:42:25.376"/>
</kw>
<kw name="When I Enter the Updated First Name" library="farmers">
<kw name="Wait Until Page Contains Element" library="SeleniumLibrary">
<arg>${First_Name_Farmer_Path}</arg>
<doc>Waits until the element ``locator`` appears on the current page.</doc>
<status status="PASS" starttime="20230830 13:42:25.377" endtime="20230830 13:42:26.037"/>
</kw>
<kw name="Press Keys" library="SeleniumLibrary">
<arg>${First_Name_Farmer_Path}</arg>
<arg>${Update_First_Name}</arg>
<doc>Simulates the user pressing key(s) to an element or on the active browser.</doc>
<msg timestamp="20230830 13:42:26.038" level="INFO">Sending key(s) ('Amir',) to xpath://body/div[@id='root']/div[1]/div[1]/div[1]/div[1]/div[2]/div[1]/div[1]/div[1]/div[3]/div[1]/div[2]/div[2]/input[1] element.</msg>
<msg timestamp="20230830 13:42:26.350" level="INFO">Sending keys Amir</msg>
<status status="PASS" starttime="20230830 13:42:26.037" endtime="20230830 13:42:26.418"/>
</kw>
<status status="PASS" starttime="20230830 13:42:25.377" endtime="20230830 13:42:26.418"/>
</kw>
<kw name="And I Enter the Updated Last Name" library="farmers">
<kw name="Wait Until Page Contains Element" library="SeleniumLibrary">
<arg>${Last_Name_Farmer_Path}</arg>
<doc>Waits until the element ``locator`` appears on the current page.</doc>
<status status="PASS" starttime="20230830 13:42:26.419" endtime="20230830 13:42:26.426"/>
</kw>
<kw name="Press Keys" library="SeleniumLibrary">
<arg>${Last_Name_Farmer_Path}</arg>
<arg>${Update_Last_Name}</arg>
<doc>Simulates the user pressing key(s) to an element or on the active browser.</doc>
<msg timestamp="20230830 13:42:26.427" level="INFO">Sending key(s) ('Khan',) to xpath://body/div[@id='root']/div[1]/div[1]/div[1]/div[1]/div[2]/div[1]/div[1]/div[1]/div[4]/div[1]/div[2]/div[2]/input[1] element.</msg>
<msg timestamp="20230830 13:42:26.724" level="INFO">Sending keys Khan</msg>
<status status="PASS" starttime="20230830 13:42:26.426" endtime="20230830 13:42:26.746"/>
</kw>
<status status="PASS" starttime="20230830 13:42:26.419" endtime="20230830 13:42:26.746"/>
</kw>
<kw name="And I Enter the Updated National ID" library="farmers">
<kw name="Wait Until Page Contains Element" library="SeleniumLibrary">
<arg>${National_ID_Path}</arg>
<doc>Waits until the element ``locator`` appears on the current page.</doc>
<status status="PASS" starttime="20230830 13:42:26.747" endtime="20230830 13:42:26.755"/>
</kw>
<kw name="Press Keys" library="SeleniumLibrary">
<arg>${National_ID_Path}</arg>
<arg>${Update_National_ID}</arg>
<doc>Simulates the user pressing key(s) to an element or on the active browser.</doc>
<msg timestamp="20230830 13:42:26.757" level="INFO">Sending key(s) ('2569421239735',) to xpath://body/div[@id='root']/div[1]/div[1]/div[1]/div[1]/div[2]/div[1]/div[1]/div[1]/div[5]/div[1]/div[2]/div[2]/input[1] element.</msg>
<msg timestamp="20230830 13:42:27.045" level="INFO">Sending keys 2569421239735</msg>
<status status="PASS" starttime="20230830 13:42:26.755" endtime="20230830 13:42:27.210"/>
</kw>
<status status="PASS" starttime="20230830 13:42:26.747" endtime="20230830 13:42:27.210"/>
</kw>
<kw name="And I Enter the Updated Phone Number" library="farmers">
<kw name="Wait Until Page Contains Element" library="SeleniumLibrary">
<arg>${Phone_Number_Path}</arg>
<doc>Waits until the element ``locator`` appears on the current page.</doc>
<status status="PASS" starttime="20230830 13:42:27.210" endtime="20230830 13:42:27.221"/>
</kw>
<kw name="Press Keys" library="SeleniumLibrary">
<arg>${Phone_Number_Path}</arg>
<arg>${Update_Phone_Number}</arg>
<doc>Simulates the user pressing key(s) to an element or on the active browser.</doc>
<msg timestamp="20230830 13:42:27.222" level="INFO">Sending key(s) ('03028598741',) to xpath://body/div[@id='root']/div[1]/div[1]/div[1]/div[1]/div[2]/div[1]/div[1]/div[1]/div[6]/div[1]/div[2]/div[2]/input[1] element.</msg>
<msg timestamp="20230830 13:42:27.544" level="INFO">Sending keys 03028598741</msg>
<status status="PASS" starttime="20230830 13:42:27.221" endtime="20230830 13:42:27.700"/>
</kw>
<status status="PASS" starttime="20230830 13:42:27.210" endtime="20230830 13:42:27.700"/>
</kw>
<kw name="And I Select The Updated Province" library="farmers">
<kw name="Click Element" library="SeleniumLibrary">
<arg>${Province_Dropdown}</arg>
<doc>Click the element identified by ``locator``.</doc>
<msg timestamp="20230830 13:42:27.701" level="INFO">Clicking element 'xpath://body/div[@id='root']/div[1]/div[1]/div[1]/div[1]/div[2]/div[1]/div[1]/div[1]/div[9]/div[1]/div[1]/div[2]/div[2]'.</msg>
<status status="PASS" starttime="20230830 13:42:27.700" endtime="20230830 13:42:27.745"/>
</kw>
<kw name="Wait Until Element Contains" library="SeleniumLibrary">
<arg>${Update_Select_Provice}</arg>
<arg>Baluchistan</arg>
<doc>Waits until the element ``locator`` contains ``text``.</doc>
<status status="PASS" starttime="20230830 13:42:27.745" endtime="20230830 13:42:27.765"/>
</kw>
<kw name="Click Element" library="SeleniumLibrary">
<arg>${Update_Select_Provice}</arg>
<doc>Click the element identified by ``locator``.</doc>
<msg timestamp="20230830 13:42:27.766" level="INFO">Clicking element 'xpath://div[contains(text(),'Baluchistan')]'.</msg>
<status status="PASS" starttime="20230830 13:42:27.765" endtime="20230830 13:42:27.809"/>
</kw>
<status status="PASS" starttime="20230830 13:42:27.700" endtime="20230830 13:42:27.809"/>
</kw>
<kw name="And I Select The Updated District" library="farmers">
<kw name="Click Element" library="SeleniumLibrary">
<arg>${District_Dropdown}</arg>
<doc>Click the element identified by ``locator``.</doc>
<msg timestamp="20230830 13:42:27.810" level="INFO">Clicking element 'xpath://body/div[@id='root']/div[1]/div[1]/div[1]/div[1]/div[2]/div[1]/div[1]/div[1]/div[10]/div[1]/div[1]/div[2]/div[2]'.</msg>
<status status="PASS" starttime="20230830 13:42:27.810" endtime="20230830 13:42:27.867"/>
</kw>
<kw name="Wait Until Element Contains" library="SeleniumLibrary">
<arg>${Update_Select_District}</arg>
<arg>Quetta</arg>
<doc>Waits until the element ``locator`` contains ``text``.</doc>
<status status="PASS" starttime="20230830 13:42:27.868" endtime="20230830 13:42:27.892"/>
</kw>
<kw name="Click Element" library="SeleniumLibrary">
<arg>${Update_Select_District}</arg>
<doc>Click the element identified by ``locator``.</doc>
<msg timestamp="20230830 13:42:27.892" level="INFO">Clicking element 'xpath://div[contains(text(),'Quetta')]'.</msg>
<status status="PASS" starttime="20230830 13:42:27.892" endtime="20230830 13:42:27.930"/>
</kw>
<status status="PASS" starttime="20230830 13:42:27.809" endtime="20230830 13:42:27.930"/>
</kw>
<kw name="And I Select The Updated Town" library="farmers">
<kw name="Click Element" library="SeleniumLibrary">
<arg>${Town_Dropdown}</arg>
<doc>Click the element identified by ``locator``.</doc>
<msg timestamp="20230830 13:42:27.931" level="INFO">Clicking element 'xpath://body/div[@id='root']/div[1]/div[1]/div[1]/div[1]/div[2]/div[1]/div[1]/div[1]/div[11]/div[1]/div[1]/div[2]/div[2]'.</msg>
<status status="PASS" starttime="20230830 13:42:27.931" endtime="20230830 13:42:27.986"/>
</kw>
<kw name="Wait Until Element Contains" library="SeleniumLibrary">
<arg>${Update_Select_Town}</arg>
<arg>Pashin</arg>
<doc>Waits until the element ``locator`` contains ``text``.</doc>
<status status="PASS" starttime="20230830 13:42:27.986" endtime="20230830 13:42:28.015"/>
</kw>
<kw name="Click Element" library="SeleniumLibrary">
<arg>${Update_Select_Town}</arg>
<doc>Click the element identified by ``locator``.</doc>
<msg timestamp="20230830 13:42:28.016" level="INFO">Clicking element 'xpath://div[contains(text(),'Pashin')]'.</msg>
<status status="PASS" starttime="20230830 13:42:28.015" endtime="20230830 13:42:28.057"/>
</kw>
<status status="PASS" starttime="20230830 13:42:27.931" endtime="20230830 13:42:28.057"/>
</kw>
<kw name="And I Enter the Updated Village Name" library="farmers">
<kw name="Press Keys" library="SeleniumLibrary">
<arg>${Village_Path}</arg>
<arg>${Update_Village}</arg>
<doc>Simulates the user pressing key(s) to an element or on the active browser.</doc>
<msg timestamp="20230830 13:42:28.059" level="INFO">Sending key(s) ('Pind',) to xpath://body/div[@id='root']/div[1]/div[1]/div[1]/div[1]/div[2]/div[1]/div[1]/div[1]/div[12]/div[1]/div[2]/div[2]/input[1] element.</msg>
<msg timestamp="20230830 13:42:28.370" level="INFO">Sending keys Pind</msg>
<status status="PASS" starttime="20230830 13:42:28.058" endtime="20230830 13:42:28.392"/>
</kw>
<status status="PASS" starttime="20230830 13:42:28.058" endtime="20230830 13:42:28.392"/>
</kw>
<kw name="And I Enter the Updated Circle Zone" library="farmers">
<kw name="Press Keys" library="SeleniumLibrary">
<arg>${Circle_Zone_Path}</arg>
<arg>${Update_Circle_zone}</arg>
<doc>Simulates the user pressing key(s) to an element or on the active browser.</doc>
<msg timestamp="20230830 13:42:28.393" level="INFO">Sending key(s) ('Township',) to xpath://body/div[@id='root']/div[1]/div[1]/div[1]/div[1]/div[2]/div[1]/div[1]/div[1]/div[13]/div[1]/div[2]/div[2]/input[1] element.</msg>
<msg timestamp="20230830 13:42:28.695" level="INFO">Sending keys Township</msg>
<status status="PASS" starttime="20230830 13:42:28.393" endtime="20230830 13:42:28.734"/>
</kw>
<status status="PASS" starttime="20230830 13:42:28.392" endtime="20230830 13:42:28.734"/>
</kw>
<kw name="And I Enter the Updated Internal ID" library="farmers">
<kw name="Wait Until Page Contains Element" library="SeleniumLibrary">
<arg>${Internal_ID_Path}</arg>
<doc>Waits until the element ``locator`` appears on the current page.</doc>
<status status="PASS" starttime="20230830 13:42:28.735" endtime="20230830 13:42:28.742"/>
</kw>
<kw name="Press Keys" library="SeleniumLibrary">
<arg>${Internal_ID_Path}</arg>
<arg>${Update_Internal_ID}</arg>
<doc>Simulates the user pressing key(s) to an element or on the active browser.</doc>
<msg timestamp="20230830 13:42:28.742" level="INFO">Sending key(s) ('asd543fgh',) to xpath://body/div[@id='root']/div[1]/div[1]/div[1]/div[1]/div[2]/div[1]/div[1]/div[1]/div[16]/div[1]/div[2]/div[2]/input[1] element.</msg>
<msg timestamp="20230830 13:42:29.045" level="INFO">Sending keys asd543fgh</msg>
<status status="PASS" starttime="20230830 13:42:28.742" endtime="20230830 13:42:29.085"/>
</kw>
<status status="PASS" starttime="20230830 13:42:28.735" endtime="20230830 13:42:29.085"/>
</kw>
<kw name="And I Click on the Submit Button for Update" library="farmers">
<kw name="Click Element" library="SeleniumLibrary">
<arg>${Update_Submit_Button}</arg>
<doc>Click the element identified by ``locator``.</doc>
<msg timestamp="20230830 13:42:29.086" level="INFO">Clicking element 'xpath://div[contains(text(),'Submit')]'.</msg>
<status status="PASS" starttime="20230830 13:42:29.085" endtime="20230830 13:42:29.204"/>
</kw>
<status status="PASS" starttime="20230830 13:42:29.085" endtime="20230830 13:42:29.204"/>
</kw>
<status status="PASS" starttime="20230830 13:42:24.669" endtime="20230830 13:42:29.205"/>
</test>
<kw name="Close All Browsers" library="SeleniumLibrary" type="TEARDOWN">
<doc>Closes all open browsers and resets the browser cache.</doc>
<status status="PASS" starttime="20230830 13:42:29.206" endtime="20230830 13:42:35.467"/>
</kw>
<doc>Test all the ways that the user can log in to RicultX:
1. With either English, Thai, or Urdu language.
2. With email and password.
3. With phone number and OTP</doc>
<status status="PASS" starttime="20230830 13:42:02.331" endtime="20230830 13:42:35.468"/>
</suite>
<statistics>
<total>
<stat pass="4" fail="0" skip="0">All Tests</stat>
</total>
<tag>
</tag>
<suite>
<stat pass="4" fail="0" skip="0" id="s1" name="Valid Login">Valid Login</stat>
</suite>
</statistics>
<errors>
</errors>
</robot>
