<?xml version="1.0" encoding="UTF-8"?>
<robot generator="Robot 6.1.1 (Python 3.11.4 on win32)" generated="20230828 02:15:27.689" rpa="false" schemaversion="4">
<suite id="s1" name="Valid Login" source="C:\Users\abdullah\Downloads\ricultx-robot-test-poc-main\tests\login\valid_login.robot">
<test id="s1-t1" name="TC_001: Logging in to the RicultX Site in English as Admin Should Show the Main Page" line="19">
<kw name="Given I Open the RicultX Website" library="common">
<arg>${WEBSITE_URL}</arg>
<arg>Chrome</arg>
<kw name="Open Browser" library="SeleniumLibrary">
<arg>${website_url}</arg>
<arg>${browser}</arg>
<doc>Opens a new browser instance to the optional ``url``.</doc>
<msg timestamp="20230828 02:15:27.920" level="INFO">Opening browser 'Chrome' to base url 'https://ricult-qa1.firebaseapp.com'.</msg>
<status status="PASS" starttime="20230828 02:15:27.920" endtime="20230828 02:15:32.520"/>
</kw>
<kw name="Maximize Browser Window" library="SeleniumLibrary">
<doc>Maximizes current browser window.</doc>
<status status="PASS" starttime="20230828 02:15:32.521" endtime="20230828 02:15:32.634"/>
</kw>
<kw name="Wait Until Page Contains Element" library="SeleniumLibrary">
<arg>${LANGUAGE_SELECT_DROPDOWN}</arg>
<doc>Waits until the element ``locator`` appears on the current page.</doc>
<status status="PASS" starttime="20230828 02:15:32.634" endtime="20230828 02:15:33.308"/>
</kw>
<status status="PASS" starttime="20230828 02:15:27.919" endtime="20230828 02:15:33.308"/>
</kw>
<kw name="When I Select the English Language" library="login">
<kw name="Click Element" library="SeleniumLibrary">
<arg>${LANGUAGE_SELECT_DROPDOWN}</arg>
<doc>Click the element identified by ``locator``.</doc>
<msg timestamp="20230828 02:15:33.309" level="INFO">Clicking element 'xpath://body/div[@id='root']/div[1]/div[1]/div[1]/div[2]/div[1]/div[3]/div[2]/div[1]/div[1]'.</msg>
<status status="PASS" starttime="20230828 02:15:33.309" endtime="20230828 02:15:33.363"/>
</kw>
<kw name="Click Element" library="SeleniumLibrary">
<arg>${LANGUAGE_SELECT_ENGLISH}</arg>
<doc>Click the element identified by ``locator``.</doc>
<msg timestamp="20230828 02:15:33.364" level="INFO">Clicking element 'xpath://div[contains(text(),'English')]'.</msg>
<status status="PASS" starttime="20230828 02:15:33.363" endtime="20230828 02:15:34.378"/>
</kw>
<kw name="Click Element" library="SeleniumLibrary">
<arg>${LANGUAGE_SELECT_NEXT}</arg>
<doc>Click the element identified by ``locator``.</doc>
<msg timestamp="20230828 02:15:34.379" level="INFO">Clicking element 'xpath://body/div[@id='root']/div[1]/div[1]/div[1]/div[2]/div[1]/div[3]/div[3]/div[1]'.</msg>
<status status="PASS" starttime="20230828 02:15:34.379" endtime="20230828 02:15:34.443"/>
</kw>
<status status="PASS" starttime="20230828 02:15:33.308" endtime="20230828 02:15:34.443"/>
</kw>
<kw name="And I Choose to Login by Email" library="login">
<kw name="Wait Until Page Contains Element" library="SeleniumLibrary">
<arg>${LOGIN_OPTIONS_MAIN}</arg>
<doc>Waits until the element ``locator`` appears on the current page.</doc>
<status status="PASS" starttime="20230828 02:15:34.444" endtime="20230828 02:15:34.455"/>
</kw>
<kw name="Click Element" library="SeleniumLibrary">
<arg>${LOGIN_SELECT_EMAIL_OPTION}</arg>
<doc>Click the element identified by ``locator``.</doc>
<msg timestamp="20230828 02:15:34.456" level="INFO">Clicking element 'xpath://body/div[@id='root']/div[1]/div[1]/div[1]/div[2]/div[1]/div[3]/div[2]'.</msg>
<status status="PASS" starttime="20230828 02:15:34.455" endtime="20230828 02:15:34.536"/>
</kw>
<status status="PASS" starttime="20230828 02:15:34.444" endtime="20230828 02:15:34.536"/>
</kw>
<kw name="And I Enter Valid Admin Email" library="login">
<kw name="Wait Until Element Contains" library="SeleniumLibrary">
<arg>${EMAIL_LOGIN_USERNAME_INPUT_LABEL}</arg>
<arg>Email</arg>
<doc>Waits until the element ``locator`` contains ``text``.</doc>
<status status="PASS" starttime="20230828 02:15:34.537" endtime="20230828 02:15:34.563"/>
</kw>
<kw name="Click Element" library="SeleniumLibrary">
<arg>${EMAIL_LOGIN_USERNAME_TEXT_FIELD}</arg>
<doc>Click the element identified by ``locator``.</doc>
<msg timestamp="20230828 02:15:34.563" level="INFO">Clicking element 'xpath:/html/body/div[1]/div/div/div[1]/div[2]/div[1]/div[3]/div[1]/div[2]'.</msg>
<status status="PASS" starttime="20230828 02:15:34.563" endtime="20230828 02:15:34.613"/>
</kw>
<kw name="Press Keys" library="SeleniumLibrary">
<arg>${EMAIL_LOGIN_USERNAME_INPUT}</arg>
<arg>${VALID_EMAIL_LOGIN_USERNAME}</arg>
<doc>Simulates the user pressing key(s) to an element or on the active browser.</doc>
<msg timestamp="20230828 02:15:34.614" level="INFO">Sending key(s) ('abdullah.amir@ricult.com',) to xpath://input[@id="username"] element.</msg>
<msg timestamp="20230828 02:15:34.921" level="INFO">Sending keys abdullah.amir@ricult.com</msg>
<status status="PASS" starttime="20230828 02:15:34.613" endtime="20230828 02:15:35.071"/>
</kw>
<kw name="Wait Until Element Is Enabled" library="SeleniumLibrary">
<arg>${EMAIL_LOGIN_USERNAME_CONTINUE}</arg>
<doc>Waits until the element ``locator`` is enabled.</doc>
<status status="PASS" starttime="20230828 02:15:35.071" endtime="20230828 02:15:35.103"/>
</kw>
<kw name="Click Element" library="SeleniumLibrary">
<arg>${EMAIL_LOGIN_USERNAME_CONTINUE}</arg>
<doc>Click the element identified by ``locator``.</doc>
<msg timestamp="20230828 02:15:35.104" level="INFO">Clicking element 'xpath:/html/body/div[1]/div/div/div[1]/div[2]/div[1]/div[3]/div[2]'.</msg>
<status status="PASS" starttime="20230828 02:15:35.104" endtime="20230828 02:15:35.155"/>
</kw>
<status status="PASS" starttime="20230828 02:15:34.536" endtime="20230828 02:15:35.155"/>
</kw>
<kw name="And I Enter Valid Admin Password" library="login">
<kw name="Wait Until Element Contains" library="SeleniumLibrary">
<arg>${EMAIL_LOGIN_PASSWORD_INPUT_LABEL}</arg>
<arg>Password</arg>
<doc>Waits until the element ``locator`` contains ``text``.</doc>
<status status="PASS" starttime="20230828 02:15:35.155" endtime="20230828 02:15:36.323"/>
</kw>
<kw name="Click Element" library="SeleniumLibrary">
<arg>${EMAIL_LOGIN_PASSWORD_TEXT_FIELD}</arg>
<doc>Click the element identified by ``locator``.</doc>
<msg timestamp="20230828 02:15:36.324" level="INFO">Clicking element 'xpath:/html/body/div[1]/div/div/div[1]/div[2]/div/div[3]/div[1]/div[2]'.</msg>
<status status="PASS" starttime="20230828 02:15:36.323" endtime="20230828 02:15:36.370"/>
</kw>
<kw name="Press Keys" library="SeleniumLibrary">
<arg>${EMAIL_LOGIN_PASSWORD_INPUT}</arg>
<arg>${VALID_EMAIL_LOGIN_PASSWORD}</arg>
<doc>Simulates the user pressing key(s) to an element or on the active browser.</doc>
<msg timestamp="20230828 02:15:36.371" level="INFO">Sending key(s) ('Hello@12345',) to xpath:/html/body/div[1]/div/div/div[1]/div[2]/div/div[3]/div[1]/div[2]/input element.</msg>
<msg timestamp="20230828 02:15:36.660" level="INFO">Sending keys Hello@12345</msg>
<status status="PASS" starttime="20230828 02:15:36.370" endtime="20230828 02:15:36.746"/>
</kw>
<kw name="Wait Until Element Is Enabled" library="SeleniumLibrary">
<arg>${EMAIL_LOGIN_PASSWORD_CONTINUE}</arg>
<doc>Waits until the element ``locator`` is enabled.</doc>
<status status="PASS" starttime="20230828 02:15:36.746" endtime="20230828 02:15:36.772"/>
</kw>
<kw name="Click Element" library="SeleniumLibrary">
<arg>${EMAIL_LOGIN_PASSWORD_CONTINUE}</arg>
<doc>Click the element identified by ``locator``.</doc>
<msg timestamp="20230828 02:15:36.772" level="INFO">Clicking element 'xpath:/html/body/div[1]/div/div/div[1]/div[2]/div/div[3]/div[2]'.</msg>
<status status="PASS" starttime="20230828 02:15:36.772" endtime="20230828 02:15:36.818"/>
</kw>
<status status="PASS" starttime="20230828 02:15:35.155" endtime="20230828 02:15:36.818"/>
</kw>
<kw name="Then I Should See the Name of the Admin User" library="login">
<kw name="Wait Until Keyword Succeeds" library="BuiltIn">
<arg>4 sec</arg>
<arg>2 sec</arg>
<arg>Correct Admin User Name and Role is Shown</arg>
<doc>Runs the specified keyword and retries if it fails.</doc>
<kw name="Correct Admin User Name and Role is Shown" library="login">
<kw name="Element Text Should Be" library="SeleniumLibrary">
<arg>${NAV_USER_FULL_NAME}</arg>
<arg>${ADMIN_FULL_NAME}</arg>
<doc>Verifies that element ``locator`` contains exact the text ``expected``.</doc>
<msg timestamp="20230828 02:15:36.820" level="INFO">Verifying element 'xpath:/html/body/div[1]/div/div/div[2]/div[1]/div/div[2]/div/div[1]/div[2]/div[1]' contains exact text 'Abdullah QA'.</msg>
<msg timestamp="20230828 02:15:37.314" level="INFO" html="true">&lt;/td&gt;&lt;/tr&gt;&lt;tr&gt;&lt;td colspan="3"&gt;&lt;a href="selenium-screenshot-71.png"&gt;&lt;img src="selenium-screenshot-71.png" width="800px"&gt;&lt;/a&gt;</msg>
<msg timestamp="20230828 02:15:37.314" level="FAIL">Element with locator 'xpath:/html/body/div[1]/div/div/div[2]/div[1]/div/div[2]/div/div[1]/div[2]/div[1]' not found.</msg>
<status status="FAIL" starttime="20230828 02:15:36.819" endtime="20230828 02:15:37.317"/>
</kw>
<kw name="Element Text Should Be" library="SeleniumLibrary">
<arg>${NAV_USER_ROLE}</arg>
<arg>${ADMIN_ROLE}</arg>
<doc>Verifies that element ``locator`` contains exact the text ``expected``.</doc>
<status status="NOT RUN" starttime="20230828 02:15:37.317" endtime="20230828 02:15:37.317"/>
</kw>
<status status="FAIL" starttime="20230828 02:15:36.819" endtime="20230828 02:15:37.317"/>
</kw>
<kw name="Correct Admin User Name and Role is Shown" library="login">
<kw name="Element Text Should Be" library="SeleniumLibrary">
<arg>${NAV_USER_FULL_NAME}</arg>
<arg>${ADMIN_FULL_NAME}</arg>
<doc>Verifies that element ``locator`` contains exact the text ``expected``.</doc>
<msg timestamp="20230828 02:15:39.319" level="INFO">Verifying element 'xpath:/html/body/div[1]/div/div/div[2]/div[1]/div/div[2]/div/div[1]/div[2]/div[1]' contains exact text 'Abdullah QA'.</msg>
<status status="PASS" starttime="20230828 02:15:39.318" endtime="20230828 02:15:39.337"/>
</kw>
<kw name="Element Text Should Be" library="SeleniumLibrary">
<arg>${NAV_USER_ROLE}</arg>
<arg>${ADMIN_ROLE}</arg>
<doc>Verifies that element ``locator`` contains exact the text ``expected``.</doc>
<msg timestamp="20230828 02:15:39.338" level="INFO">Verifying element 'xpath:/html/body/div[1]/div/div/div[2]/div[1]/div/div[2]/div/div[1]/div[2]/div[2]' contains exact text 'Main Admin'.</msg>
<status status="PASS" starttime="20230828 02:15:39.337" endtime="20230828 02:15:39.357"/>
</kw>
<status status="PASS" starttime="20230828 02:15:39.318" endtime="20230828 02:15:39.357"/>
</kw>
<status status="PASS" starttime="20230828 02:15:36.819" endtime="20230828 02:15:39.357"/>
</kw>
<status status="PASS" starttime="20230828 02:15:36.818" endtime="20230828 02:15:39.357"/>
</kw>
<status status="PASS" starttime="20230828 02:15:27.919" endtime="20230828 02:15:39.357"/>
</test>
<test id="s1-t2" name="TC_002: Add a Farmer from Porfolio Summary Page" line="28">
<kw name="Apply Default Wait" library="farmers">
<kw name="Sleep" library="BuiltIn">
<arg>5s</arg>
<doc>Pauses the test executed for the given time.</doc>
<msg timestamp="20230828 02:15:44.360" level="INFO">Slept 5 seconds</msg>
<status status="PASS" starttime="20230828 02:15:39.359" endtime="20230828 02:15:44.360"/>
</kw>
<status status="PASS" starttime="20230828 02:15:39.359" endtime="20230828 02:15:44.360"/>
</kw>
<kw name="Given I Open The Farmers Page From Portfolio Summary" library="farmers">
<kw name="Click Element" library="SeleniumLibrary">
<arg>${CLICK_FARMERS_SECTION}</arg>
<doc>Click the element identified by ``locator``.</doc>
<msg timestamp="20230828 02:15:44.363" level="INFO">Clicking element 'xpath://body/div[@id='root']/div[1]/div[1]/div[1]/div[1]/div[2]/div[1]'.</msg>
<status status="PASS" starttime="20230828 02:15:44.361" endtime="20230828 02:15:44.571"/>
</kw>
<status status="PASS" starttime="20230828 02:15:44.361" endtime="20230828 02:15:44.571"/>
</kw>
<kw name="When I Click on Add Farmer" library="farmers">
<kw name="Sleep" library="BuiltIn">
<arg>4s</arg>
<doc>Pauses the test executed for the given time.</doc>
<msg timestamp="20230828 02:15:48.573" level="INFO">Slept 4 seconds</msg>
<status status="PASS" starttime="20230828 02:15:44.572" endtime="20230828 02:15:48.573"/>
</kw>
<kw name="Click Element" library="SeleniumLibrary">
<arg>${ADD_FARMER_BUTTON}</arg>
<doc>Click the element identified by ``locator``.</doc>
<msg timestamp="20230828 02:15:48.574" level="INFO">Clicking element 'xpath:/html/body/div[1]/div/div/div[1]/div/div[1]/div'.</msg>
<status status="PASS" starttime="20230828 02:15:48.573" endtime="20230828 02:15:48.677"/>
</kw>
<kw name="Sleep" library="BuiltIn">
<arg>4s</arg>
<doc>Pauses the test executed for the given time.</doc>
<msg timestamp="20230828 02:15:52.678" level="INFO">Slept 4 seconds</msg>
<status status="PASS" starttime="20230828 02:15:48.678" endtime="20230828 02:15:52.678"/>
</kw>
<status status="PASS" starttime="20230828 02:15:44.572" endtime="20230828 02:15:52.678"/>
</kw>
<kw name="And I Enter the First Name" library="farmers">
<kw name="Sleep" library="BuiltIn">
<arg>3s</arg>
<doc>Pauses the test executed for the given time.</doc>
<msg timestamp="20230828 02:15:55.682" level="INFO">Slept 3 seconds</msg>
<status status="PASS" starttime="20230828 02:15:52.681" endtime="20230828 02:15:55.682"/>
</kw>
<kw name="Press Keys" library="SeleniumLibrary">
<arg>${First_Name_Farmer_Path}</arg>
<arg>${First_Name_Farmer}</arg>
<doc>Simulates the user pressing key(s) to an element or on the active browser.</doc>
<msg timestamp="20230828 02:15:55.685" level="INFO">Sending key(s) ('dfg',) to xpath://body/div[@id='root']/div[1]/div[1]/div[1]/div[1]/div[2]/div[1]/div[1]/div[1]/div[3]/div[1]/div[2]/div[2]/input[1] element.</msg>
<msg timestamp="20230828 02:15:56.027" level="INFO">Sending keys dfg</msg>
<status status="PASS" starttime="20230828 02:15:55.682" endtime="20230828 02:15:56.058"/>
</kw>
<status status="PASS" starttime="20230828 02:15:52.680" endtime="20230828 02:15:56.058"/>
</kw>
<kw name="And I Enter the Last Name" library="farmers">
<kw name="Press Keys" library="SeleniumLibrary">
<arg>${Last_Name_Farmer_Path}</arg>
<arg>${Last_Name_Farmer}</arg>
<doc>Simulates the user pressing key(s) to an element or on the active browser.</doc>
<msg timestamp="20230828 02:15:56.059" level="INFO">Sending key(s) ('fdg',) to xpath://body/div[@id='root']/div[1]/div[1]/div[1]/div[1]/div[2]/div[1]/div[1]/div[1]/div[4]/div[1]/div[2]/div[2]/input[1] element.</msg>
<msg timestamp="20230828 02:15:56.361" level="INFO">Sending keys fdg</msg>
<status status="PASS" starttime="20230828 02:15:56.059" endtime="20230828 02:15:56.386"/>
</kw>
<status status="PASS" starttime="20230828 02:15:56.059" endtime="20230828 02:15:56.386"/>
</kw>
<kw name="And I Enter the National ID" library="farmers">
<kw name="Press Keys" library="SeleniumLibrary">
<arg>${National_ID_Path}</arg>
<arg>${National_ID}</arg>
<doc>Simulates the user pressing key(s) to an element or on the active browser.</doc>
<msg timestamp="20230828 02:15:56.387" level="INFO">Sending key(s) ('',) to xpath://body/div[@id='root']/div[1]/div[1]/div[1]/div[1]/div[2]/div[1]/div[1]/div[1]/div[5]/div[1]/div[2]/div[2]/input[1] element.</msg>
<status status="PASS" starttime="20230828 02:15:56.387" endtime="20230828 02:15:56.674"/>
</kw>
<status status="PASS" starttime="20230828 02:15:56.387" endtime="20230828 02:15:56.674"/>
</kw>
<kw name="And I Enter the Phone Number" library="farmers">
<kw name="Press Keys" library="SeleniumLibrary">
<arg>${Phone_Number_Path}</arg>
<arg>${Phone_Number}</arg>
<doc>Simulates the user pressing key(s) to an element or on the active browser.</doc>
<msg timestamp="20230828 02:15:56.676" level="INFO">Sending key(s) ('',) to xpath://body/div[@id='root']/div[1]/div[1]/div[1]/div[1]/div[2]/div[1]/div[1]/div[1]/div[6]/div[1]/div[2]/div[2]/input[1] element.</msg>
<status status="PASS" starttime="20230828 02:15:56.675" endtime="20230828 02:15:56.991"/>
</kw>
<status status="PASS" starttime="20230828 02:15:56.675" endtime="20230828 02:15:56.991"/>
</kw>
<kw name="And I Select The Province" library="farmers">
<kw name="Sleep" library="BuiltIn">
<arg>3s</arg>
<doc>Pauses the test executed for the given time.</doc>
<msg timestamp="20230828 02:15:59.992" level="INFO">Slept 3 seconds</msg>
<status status="PASS" starttime="20230828 02:15:56.991" endtime="20230828 02:15:59.992"/>
</kw>
<kw name="Click Element" library="SeleniumLibrary">
<arg>${Province_Dropdown}</arg>
<doc>Click the element identified by ``locator``.</doc>
<msg timestamp="20230828 02:15:59.994" level="INFO">Clicking element 'xpath://body/div[@id='root']/div[1]/div[1]/div[1]/div[1]/div[2]/div[1]/div[1]/div[1]/div[9]/div[1]/div[1]/div[2]/div[2]'.</msg>
<status status="PASS" starttime="20230828 02:15:59.993" endtime="20230828 02:16:00.087"/>
</kw>
<kw name="Sleep" library="BuiltIn">
<arg>2s</arg>
<doc>Pauses the test executed for the given time.</doc>
<msg timestamp="20230828 02:16:02.088" level="INFO">Slept 2 seconds</msg>
<status status="PASS" starttime="20230828 02:16:00.087" endtime="20230828 02:16:02.088"/>
</kw>
<kw name="Click Element" library="SeleniumLibrary">
<arg>${Select_Province}</arg>
<doc>Click the element identified by ``locator``.</doc>
<msg timestamp="20230828 02:16:02.090" level="INFO">Clicking element 'xpath://div[contains(text(),'Punjab')]'.</msg>
<status status="PASS" starttime="20230828 02:16:02.088" endtime="20230828 02:16:02.176"/>
</kw>
<status status="PASS" starttime="20230828 02:15:56.991" endtime="20230828 02:16:02.177"/>
</kw>
<kw name="And I Select The District" library="farmers">
<kw name="Sleep" library="BuiltIn">
<arg>3s</arg>
<doc>Pauses the test executed for the given time.</doc>
<msg timestamp="20230828 02:16:05.178" level="INFO">Slept 3 seconds</msg>
<status status="PASS" starttime="20230828 02:16:02.177" endtime="20230828 02:16:05.178"/>
</kw>
<kw name="Click Element" library="SeleniumLibrary">
<arg>${District_Dropdown}</arg>
<doc>Click the element identified by ``locator``.</doc>
<msg timestamp="20230828 02:16:05.181" level="INFO">Clicking element 'xpath://body/div[@id='root']/div[1]/div[1]/div[1]/div[1]/div[2]/div[1]/div[1]/div[1]/div[10]/div[1]/div[1]/div[2]/div[2]'.</msg>
<status status="PASS" starttime="20230828 02:16:05.179" endtime="20230828 02:16:05.264"/>
</kw>
<kw name="Sleep" library="BuiltIn">
<arg>4s</arg>
<doc>Pauses the test executed for the given time.</doc>
<msg timestamp="20230828 02:16:09.265" level="INFO">Slept 4 seconds</msg>
<status status="PASS" starttime="20230828 02:16:05.264" endtime="20230828 02:16:09.265"/>
</kw>
<kw name="Click Element" library="SeleniumLibrary">
<arg>${Select_District}</arg>
<doc>Click the element identified by ``locator``.</doc>
<msg timestamp="20230828 02:16:09.266" level="INFO">Clicking element 'xpath://div[contains(text(),'Lahore')]'.</msg>
<status status="PASS" starttime="20230828 02:16:09.265" endtime="20230828 02:16:09.373"/>
</kw>
<status status="PASS" starttime="20230828 02:16:02.177" endtime="20230828 02:16:09.373"/>
</kw>
<kw name="And I Select The Town" library="farmers">
<kw name="Sleep" library="BuiltIn">
<arg>4s</arg>
<doc>Pauses the test executed for the given time.</doc>
<msg timestamp="20230828 02:16:13.375" level="INFO">Slept 4 seconds</msg>
<status status="PASS" starttime="20230828 02:16:09.374" endtime="20230828 02:16:13.375"/>
</kw>
<kw name="Click Element" library="SeleniumLibrary">
<arg>${Town_Dropdown}</arg>
<doc>Click the element identified by ``locator``.</doc>
<msg timestamp="20230828 02:16:13.377" level="INFO">Clicking element 'xpath://body/div[@id='root']/div[1]/div[1]/div[1]/div[1]/div[2]/div[1]/div[1]/div[1]/div[11]/div[1]/div[1]/div[2]/div[2]'.</msg>
<status status="PASS" starttime="20230828 02:16:13.376" endtime="20230828 02:16:13.460"/>
</kw>
<kw name="Sleep" library="BuiltIn">
<arg>4s</arg>
<doc>Pauses the test executed for the given time.</doc>
<msg timestamp="20230828 02:16:17.461" level="INFO">Slept 4 seconds</msg>
<status status="PASS" starttime="20230828 02:16:13.460" endtime="20230828 02:16:17.461"/>
</kw>
<kw name="Click Element" library="SeleniumLibrary">
<arg>${Select_Town}</arg>
<doc>Click the element identified by ``locator``.</doc>
<msg timestamp="20230828 02:16:17.462" level="INFO">Clicking element 'xpath://div[contains(text(),'Model town')]'.</msg>
<status status="PASS" starttime="20230828 02:16:17.461" endtime="20230828 02:16:17.537"/>
</kw>
<status status="PASS" starttime="20230828 02:16:09.374" endtime="20230828 02:16:17.537"/>
</kw>
<kw name="And I Enter the Village Name" library="farmers">
<kw name="Press Keys" library="SeleniumLibrary">
<arg>${Village_Path}</arg>
<arg>${Village}</arg>
<doc>Simulates the user pressing key(s) to an element or on the active browser.</doc>
<msg timestamp="20230828 02:16:17.538" level="INFO">Sending key(s) ('',) to xpath://body/div[@id='root']/div[1]/div[1]/div[1]/div[1]/div[2]/div[1]/div[1]/div[1]/div[12]/div[1]/div[2]/div[2]/input[1] element.</msg>
<status status="PASS" starttime="20230828 02:16:17.538" endtime="20230828 02:16:17.844"/>
</kw>
<status status="PASS" starttime="20230828 02:16:17.537" endtime="20230828 02:16:17.844"/>
</kw>
<kw name="And I Enter the Circle Zone" library="farmers">
<kw name="Press Keys" library="SeleniumLibrary">
<arg>${Circle_Zone_Path}</arg>
<arg>${Circle_Zone}</arg>
<doc>Simulates the user pressing key(s) to an element or on the active browser.</doc>
<msg timestamp="20230828 02:16:17.845" level="INFO">Sending key(s) ('',) to xpath://body/div[@id='root']/div[1]/div[1]/div[1]/div[1]/div[2]/div[1]/div[1]/div[1]/div[13]/div[1]/div[2]/div[2]/input[1] element.</msg>
<status status="PASS" starttime="20230828 02:16:17.845" endtime="20230828 02:16:18.157"/>
</kw>
<status status="PASS" starttime="20230828 02:16:17.844" endtime="20230828 02:16:18.157"/>
</kw>
<kw name="And I Enter the Internal ID" library="farmers">
<kw name="Sleep" library="BuiltIn">
<arg>2s</arg>
<doc>Pauses the test executed for the given time.</doc>
<msg timestamp="20230828 02:16:20.158" level="INFO">Slept 2 seconds</msg>
<status status="PASS" starttime="20230828 02:16:18.158" endtime="20230828 02:16:20.158"/>
</kw>
<kw name="Press Keys" library="SeleniumLibrary">
<arg>${Internal_ID_Path}</arg>
<arg>${Internal_ID}</arg>
<doc>Simulates the user pressing key(s) to an element or on the active browser.</doc>
<msg timestamp="20230828 02:16:20.162" level="INFO">Sending key(s) ('qwe123rty',) to xpath://body/div[@id='root']/div[1]/div[1]/div[1]/div[1]/div[2]/div[1]/div[1]/div[1]/div[16]/div[1]/div[2]/div[2]/input[1] element.</msg>
<msg timestamp="20230828 02:16:20.494" level="INFO">Sending keys qwe123rty</msg>
<status status="PASS" starttime="20230828 02:16:20.158" endtime="20230828 02:16:20.602"/>
</kw>
<kw name="Sleep" library="BuiltIn">
<arg>2s</arg>
<doc>Pauses the test executed for the given time.</doc>
<msg timestamp="20230828 02:16:22.604" level="INFO">Slept 2 seconds</msg>
<status status="PASS" starttime="20230828 02:16:20.603" endtime="20230828 02:16:22.604"/>
</kw>
<status status="PASS" starttime="20230828 02:16:18.157" endtime="20230828 02:16:22.604"/>
</kw>
<kw name="And I Click On The Submit Button" library="farmers">
<kw name="Click Element" library="SeleniumLibrary">
<arg>${Submit_Button}</arg>
<doc>Click the element identified by ``locator``.</doc>
<msg timestamp="20230828 02:16:22.606" level="INFO">Clicking element 'xpath:/html/body/div[1]/div/div/div[1]/div/div[2]/div/div/div[3]/div/div[2]'.</msg>
<status status="PASS" starttime="20230828 02:16:22.605" endtime="20230828 02:16:22.802"/>
</kw>
<kw name="Sleep" library="BuiltIn">
<arg>3s</arg>
<doc>Pauses the test executed for the given time.</doc>
<msg timestamp="20230828 02:16:25.802" level="INFO">Slept 3 seconds</msg>
<status status="PASS" starttime="20230828 02:16:22.802" endtime="20230828 02:16:25.802"/>
</kw>
<status status="PASS" starttime="20230828 02:16:22.605" endtime="20230828 02:16:25.802"/>
</kw>
<kw name="Then I Should See The Added Farmer Name Page" library="farmers">
<kw name="Wait Until Element Contains" library="SeleniumLibrary">
<arg>4sec</arg>
<arg>2sec</arg>
<arg>New farmer added succesfully</arg>
<doc>Waits until the element ``locator`` contains ``text``.</doc>
<msg timestamp="20230828 02:16:25.806" level="FAIL">ValueError: Argument 'timeout' got value 'New farmer added succesfully' that cannot be converted to timedelta or None.</msg>
<status status="FAIL" starttime="20230828 02:16:25.804" endtime="20230828 02:16:25.806"/>
</kw>
<status status="FAIL" starttime="20230828 02:16:25.803" endtime="20230828 02:16:25.806"/>
</kw>
<status status="FAIL" starttime="20230828 02:15:39.358" endtime="20230828 02:16:25.807">ValueError: Argument 'timeout' got value 'New farmer added succesfully' that cannot be converted to timedelta or None.</status>
</test>
<kw name="Close All Browsers" library="SeleniumLibrary" type="TEARDOWN">
<doc>Closes all open browsers and resets the browser cache.</doc>
<status status="PASS" starttime="20230828 02:16:25.811" endtime="20230828 02:16:32.035"/>
</kw>
<doc>Test all the ways that the user can log in to RicultX:
1. With either English, Thai, or Urdu language.
2. With email and password.
3. With phone number and OTP</doc>
<status status="FAIL" starttime="20230828 02:15:27.691" endtime="20230828 02:16:32.035"/>
</suite>
<statistics>
<total>
<stat pass="1" fail="1" skip="0">All Tests</stat>
</total>
<tag>
</tag>
<suite>
<stat pass="1" fail="1" skip="0" id="s1" name="Valid Login">Valid Login</stat>
</suite>
</statistics>
<errors>
</errors>
</robot>
